==========================================
 CONFIGURANDO Y CONSTRUYENDO: msvc-release
==========================================
-- Configuring done (10.8s)
-- Generating done (0.1s)
CMake Warning:
  Manually-specified variables were not used by the project:

    CMAKE_TOOLCHAIN_FILE


-- Build files have been written to: D:/gdrive/numericrepresentations_gamma/build/build_targets/msvc/release
[1/110] Building CXX object _deps\catch2-build\src\CMakeFiles\Catch2.dir\catch2\generators\catch_generator_exception.cpp.obj
[2/110] Building CXX object _deps\catch2-build\src\CMakeFiles\Catch2.dir\catch2\benchmark\detail\catch_run_for_at_least.cpp.obj
[3/110] Building CXX object _deps\catch2-build\src\CMakeFiles\Catch2.dir\catch2\reporters\catch_reporter_event_listener.cpp.obj
[4/110] Building CXX object _deps\catch2-build\src\CMakeFiles\Catch2.dir\catch2\generators\catch_generators.cpp.obj
[5/110] Building CXX object _deps\catch2-build\src\CMakeFiles\Catch2.dir\catch2\benchmark\detail\catch_benchmark_function.cpp.obj
[6/110] Building CXX object _deps\catch2-build\src\CMakeFiles\Catch2.dir\catch2\benchmark\detail\catch_stats.cpp.obj
[7/110] Building CXX object _deps\catch2-build\src\CMakeFiles\Catch2.dir\catch2\reporters\catch_reporter_common_base.cpp.obj
[8/110] Building CXX object _deps\catch2-build\src\CMakeFiles\Catch2.dir\catch2\reporters\catch_reporter_multi.cpp.obj
[9/110] Building CXX object _deps\catch2-build\src\CMakeFiles\Catch2.dir\catch2\reporters\catch_reporter_compact.cpp.obj
[10/110] Building CXX object _deps\catch2-build\src\CMakeFiles\Catch2.dir\catch2\benchmark\detail\catch_analyse.cpp.obj
[11/110] Building CXX object _deps\catch2-build\src\CMakeFiles\Catch2.dir\catch2\reporters\catch_reporter_registrars.cpp.obj
[12/110] Building CXX object _deps\catch2-build\src\CMakeFiles\Catch2.dir\catch2\reporters\catch_reporter_automake.cpp.obj
[13/110] Building CXX object _deps\catch2-build\src\CMakeFiles\Catch2.dir\catch2\generators\catch_generators_random.cpp.obj
[14/110] Building CXX object _deps\catch2-build\src\CMakeFiles\Catch2.dir\catch2\reporters\catch_reporter_json.cpp.obj
[15/110] Building CXX object _deps\catch2-build\src\CMakeFiles\Catch2.dir\catch2\reporters\catch_reporter_console.cpp.obj
[16/110] Building CXX object _deps\catch2-build\src\CMakeFiles\Catch2.dir\catch2\reporters\catch_reporter_cumulative_base.cpp.obj
[17/110] Building CXX object _deps\catch2-build\src\CMakeFiles\Catch2.dir\catch2\benchmark\catch_chronometer.cpp.obj
[18/110] Building CXX object _deps\catch2-build\src\CMakeFiles\Catch2.dir\catch2\reporters\catch_reporter_helpers.cpp.obj
[19/110] Building CXX object _deps\catch2-build\src\CMakeFiles\Catch2.dir\catch2\reporters\catch_reporter_junit.cpp.obj
[20/110] Building CXX object _deps\catch2-build\src\CMakeFiles\Catch2.dir\catch2\interfaces\catch_interfaces_registry_hub.cpp.obj
[21/110] Building CXX object _deps\catch2-build\src\CMakeFiles\Catch2.dir\catch2\interfaces\catch_interfaces_exception.cpp.obj
[22/110] Building CXX object _deps\catch2-build\src\CMakeFiles\Catch2.dir\catch2\interfaces\catch_interfaces_generatortracker.cpp.obj
[23/110] Building CXX object _deps\catch2-build\src\CMakeFiles\Catch2.dir\catch2\interfaces\catch_interfaces_testcase.cpp.obj
[24/110] Building CXX object _deps\catch2-build\src\CMakeFiles\Catch2.dir\catch2\interfaces\catch_interfaces_reporter_factory.cpp.obj
[25/110] Building CXX object _deps\catch2-build\src\CMakeFiles\Catch2.dir\catch2\reporters\catch_reporter_streaming_base.cpp.obj
[26/110] Building CXX object _deps\catch2-build\src\CMakeFiles\Catch2.dir\catch2\interfaces\catch_interfaces_capture.cpp.obj
[27/110] Building CXX object _deps\catch2-build\src\CMakeFiles\Catch2.dir\catch2\catch_tag_alias_autoregistrar.cpp.obj
[28/110] Building CXX object _deps\catch2-build\src\CMakeFiles\Catch2.dir\catch2\interfaces\catch_interfaces_config.cpp.obj
[29/110] Building CXX object _deps\catch2-build\src\CMakeFiles\Catch2.dir\catch2\reporters\catch_reporter_sonarqube.cpp.obj
[30/110] Building CXX object _deps\catch2-build\src\CMakeFiles\Catch2.dir\catch2\reporters\catch_reporter_tap.cpp.obj
[31/110] Building CXX object _deps\catch2-build\src\CMakeFiles\Catch2.dir\catch2\reporters\catch_reporter_teamcity.cpp.obj
[32/110] Building CXX object _deps\catch2-build\src\CMakeFiles\Catch2.dir\catch2\catch_totals.cpp.obj
[33/110] Building CXX object _deps\catch2-build\src\CMakeFiles\Catch2.dir\catch2\catch_assertion_result.cpp.obj
[34/110] Building CXX object _deps\catch2-build\src\CMakeFiles\Catch2.dir\catch2\reporters\catch_reporter_xml.cpp.obj
[35/110] Building CXX object _deps\catch2-build\src\CMakeFiles\Catch2.dir\catch2\interfaces\catch_interfaces_reporter.cpp.obj
[36/110] Building CXX object _deps\catch2-build\src\CMakeFiles\Catch2.dir\catch2\catch_translate_exception.cpp.obj
[37/110] Building CXX object _deps\catch2-build\src\CMakeFiles\Catch2.dir\catch2\internal\catch_context.cpp.obj
[38/110] Building CXX object _deps\catch2-build\src\CMakeFiles\Catch2.dir\catch2\catch_get_random_seed.cpp.obj
[39/110] Building CXX object _deps\catch2-build\src\CMakeFiles\Catch2.dir\catch2\catch_approx.cpp.obj
[40/110] Building CXX object _deps\catch2-build\src\CMakeFiles\Catch2.dir\catch2\catch_test_case_info.cpp.obj
[41/110] Building CXX object _deps\catch2-build\src\CMakeFiles\Catch2.dir\catch2\catch_message.cpp.obj
[42/110] Building CXX object _deps\catch2-build\src\CMakeFiles\Catch2.dir\catch2\internal\catch_debugger.cpp.obj
[43/110] Building CXX object _deps\catch2-build\src\CMakeFiles\Catch2.dir\catch2\catch_registry_hub.cpp.obj
[44/110] Building CXX object _deps\catch2-build\src\CMakeFiles\Catch2.dir\catch2\internal\catch_case_insensitive_comparisons.cpp.obj
[45/110] Building CXX object _deps\catch2-build\src\CMakeFiles\Catch2.dir\catch2\internal\catch_errno_guard.cpp.obj
[46/110] Building CXX object _deps\catch2-build\src\CMakeFiles\Catch2.dir\catch2\catch_config.cpp.obj
[47/110] Building CXX object _deps\catch2-build\src\CMakeFiles\Catch2.dir\catch2\internal\catch_getenv.cpp.obj
[48/110] Building CXX object _deps\catch2-build\src\CMakeFiles\Catch2.dir\catch2\catch_version.cpp.obj
[49/110] Building CXX object _deps\catch2-build\src\CMakeFiles\Catch2.dir\catch2\catch_timer.cpp.obj
[50/110] Building CXX object _deps\catch2-build\src\CMakeFiles\Catch2.dir\catch2\internal\catch_floating_point_helpers.cpp.obj
[51/110] Building CXX object _deps\catch2-build\src\CMakeFiles\Catch2.dir\catch2\catch_test_spec.cpp.obj
[52/110] Building CXX object _deps\catch2-build\src\CMakeFiles\Catch2.dir\catch2\internal\catch_enum_values_registry.cpp.obj
[53/110] Building CXX object _deps\catch2-build\src\CMakeFiles\Catch2.dir\catch2\catch_session.cpp.obj
[54/110] Building CXX object _deps\catch2-build\src\CMakeFiles\Catch2.dir\catch2\catch_tostring.cpp.obj
[55/110] Building CXX object _deps\catch2-build\src\CMakeFiles\Catch2.dir\catch2\internal\catch_assertion_handler.cpp.obj
[56/110] Building CXX object _deps\catch2-build\src\CMakeFiles\Catch2.dir\catch2\internal\catch_random_number_generator.cpp.obj
[57/110] Building CXX object _deps\catch2-build\src\CMakeFiles\Catch2.dir\catch2\internal\catch_clara.cpp.obj
[58/110] Building CXX object _deps\catch2-build\src\CMakeFiles\Catch2.dir\catch2\internal\catch_debug_console.cpp.obj
[59/110] Building CXX object _deps\catch2-build\src\CMakeFiles\Catch2.dir\catch2\internal\catch_message_info.cpp.obj
[60/110] Building CXX object _deps\catch2-build\src\CMakeFiles\Catch2.dir\catch2\internal\catch_enforce.cpp.obj
[61/110] Building CXX object _deps\catch2-build\src\CMakeFiles\Catch2.dir\catch2\internal\catch_polyfills.cpp.obj
[62/110] Building CXX object _deps\catch2-build\src\CMakeFiles\Catch2.dir\catch2\internal\catch_decomposer.cpp.obj
[63/110] Building CXX object _deps\catch2-build\src\CMakeFiles\Catch2.dir\catch2\internal\catch_console_colour.cpp.obj
[64/110] Building CXX object _deps\catch2-build\src\CMakeFiles\Catch2.dir\catch2\internal\catch_leak_detector.cpp.obj
[65/110] Building CXX object _deps\catch2-build\src\CMakeFiles\Catch2.dir\catch2\internal\catch_istream.cpp.obj
[66/110] Building CXX object _deps\catch2-build\src\CMakeFiles\Catch2.dir\catch2\internal\catch_exception_translator_registry.cpp.obj
[67/110] Building CXX object _deps\catch2-build\src\CMakeFiles\Catch2.dir\catch2\internal\catch_parse_numbers.cpp.obj
[68/110] Building CXX object _deps\catch2-build\src\CMakeFiles\Catch2.dir\catch2\internal\catch_commandline.cpp.obj
[69/110] Building CXX object _deps\catch2-build\src\CMakeFiles\Catch2.dir\catch2\internal\catch_startup_exception_registry.cpp.obj
[70/110] Building CXX object _deps\catch2-build\src\CMakeFiles\Catch2.dir\catch2\internal\catch_jsonwriter.cpp.obj
[71/110] Building CXX object _deps\catch2-build\src\CMakeFiles\Catch2.dir\catch2\internal\catch_singletons.cpp.obj
[72/110] Building CXX object _deps\catch2-build\src\CMakeFiles\Catch2.dir\catch2\internal\catch_output_redirect.cpp.obj
[73/110] Building CXX object _deps\catch2-build\src\CMakeFiles\Catch2.dir\catch2\internal\catch_lazy_expr.cpp.obj
[74/110] Building CXX object _deps\catch2-build\src\CMakeFiles\Catch2.dir\catch2\internal\catch_fatal_condition_handler.cpp.obj
[75/110] Building CXX object _deps\catch2-build\src\CMakeFiles\Catch2.dir\catch2\internal\catch_reusable_string_stream.cpp.obj
[76/110] Building CXX object _deps\catch2-build\src\CMakeFiles\Catch2.dir\catch2\internal\catch_test_case_info_hasher.cpp.obj
[77/110] Building CXX object _deps\catch2-build\src\CMakeFiles\Catch2.dir\catch2\internal\catch_stdstreams.cpp.obj
[78/110] Building CXX object _deps\catch2-build\src\CMakeFiles\Catch2.dir\catch2\internal\catch_random_seed_generation.cpp.obj
[79/110] Building CXX object _deps\catch2-build\src\CMakeFiles\Catch2.dir\catch2\internal\catch_string_manip.cpp.obj
[80/110] Building CXX object _deps\catch2-build\src\CMakeFiles\Catch2.dir\catch2\internal\catch_source_line_info.cpp.obj
[81/110] Building CXX object _deps\catch2-build\src\CMakeFiles\Catch2.dir\catch2\internal\catch_list.cpp.obj
[82/110] Building CXX object _deps\catch2-build\src\CMakeFiles\Catch2.dir\catch2\internal\catch_section.cpp.obj
[83/110] Building CXX object _deps\catch2-build\src\CMakeFiles\Catch2.dir\catch2\internal\catch_uncaught_exceptions.cpp.obj
[84/110] Building CXX object _deps\catch2-build\src\CMakeFiles\Catch2.dir\catch2\internal\catch_stringref.cpp.obj
[85/110] Building CXX object _deps\catch2-build\src\CMakeFiles\Catch2.dir\catch2\internal\catch_tag_alias_registry.cpp.obj
[86/110] Building CXX object _deps\catch2-build\src\CMakeFiles\Catch2.dir\catch2\internal\catch_reporter_spec_parser.cpp.obj
[87/110] Building CXX object _deps\catch2-build\src\CMakeFiles\Catch2.dir\catch2\internal\catch_reporter_registry.cpp.obj
[88/110] Building CXX object _deps\catch2-build\src\CMakeFiles\Catch2.dir\catch2\internal\catch_run_context.cpp.obj
[89/110] Building CXX object _deps\catch2-build\src\CMakeFiles\Catch2.dir\catch2\internal\catch_test_registry.cpp.obj
[90/110] Building CXX object _deps\catch2-build\src\CMakeFiles\Catch2.dir\catch2\internal\catch_test_spec_parser.cpp.obj
[91/110] Building CXX object _deps\catch2-build\src\CMakeFiles\Catch2.dir\catch2\internal\catch_test_failure_exception.cpp.obj
[92/110] Building CXX object _deps\catch2-build\src\CMakeFiles\Catch2.dir\catch2\internal\catch_test_case_tracker.cpp.obj
[93/110] Building CXX object _deps\catch2-build\src\CMakeFiles\Catch2.dir\catch2\internal\catch_wildcard_pattern.cpp.obj
[94/110] Building CXX object _deps\catch2-build\src\CMakeFiles\Catch2.dir\catch2\internal\catch_xmlwriter.cpp.obj
[95/110] Building CXX object _deps\catch2-build\src\CMakeFiles\Catch2.dir\catch2\internal\catch_textflow.cpp.obj
[96/110] Building CXX object _deps\catch2-build\src\CMakeFiles\Catch2.dir\catch2\matchers\catch_matchers.cpp.obj
[97/110] Building CXX object _deps\catch2-build\src\CMakeFiles\Catch2.dir\catch2\internal\catch_test_case_registry_impl.cpp.obj
[98/110] Building CXX object _deps\catch2-build\src\CMakeFiles\Catch2.dir\catch2\matchers\catch_matchers_exception.cpp.obj
[99/110] Building CXX object _deps\catch2-build\src\CMakeFiles\Catch2.dir\catch2\matchers\catch_matchers_container_properties.cpp.obj
[100/110] Building CXX object _deps\catch2-build\src\CMakeFiles\Catch2.dir\catch2\matchers\catch_matchers_quantifiers.cpp.obj
[101/110] Building CXX object _deps\catch2-build\src\CMakeFiles\Catch2.dir\catch2\matchers\catch_matchers_predicate.cpp.obj
[102/110] Building CXX object _deps\catch2-build\src\CMakeFiles\Catch2.dir\catch2\matchers\catch_matchers_floating_point.cpp.obj
[103/110] Building CXX object _deps\catch2-build\src\CMakeFiles\Catch2.dir\catch2\matchers\internal\catch_matchers_impl.cpp.obj
[104/110] Building CXX object _deps\catch2-build\src\CMakeFiles\Catch2.dir\catch2\matchers\catch_matchers_templated.cpp.obj
[105/110] Building CXX object _deps\catch2-build\src\CMakeFiles\Catch2WithMain.dir\catch2\internal\catch_main.cpp.obj
[106/110] Building CXX object _deps\catch2-build\src\CMakeFiles\Catch2.dir\catch2\matchers\catch_matchers_string.cpp.obj
[107/110] Linking CXX static library Catch2.lib
[108/110] Linking CXX static library Catch2Main.lib
[109/110] Building CXX object CMakeFiles\test_01_math_tables.dir\tests\test_01_math_tables.cpp.obj
FAILED: [code=2] CMakeFiles/test_01_math_tables.dir/tests/test_01_math_tables.cpp.obj 
"D:\Program Files\Microsoft Visual Studio\2022\Community\VC\Tools\MSVC\14.44.35207\bin\Hostx64\x64\cl.exe"  /nologo /TP  -ID:\gdrive\numericrepresentations_gamma\include -ID:\gdrive\numericrepresentations_gamma\build\build_targets\msvc\release\_deps\catch2-src\src\catch2\.. -ID:\gdrive\numericrepresentations_gamma\build\build_targets\msvc\release\_deps\catch2-build\generated-includes /DWIN32 /D_WINDOWS /W3 /GR /EHsc  /I "D:\Program Files\Microsoft Visual Studio\2022\Community\VC\Tools\MSVC\14.44.35207\include" /I "C:\Program Files (x86)\Windows Kits\10\Include\10.0.26100.0\ucrt" /I "C:\Program Files (x86)\Windows Kits\10\Include\10.0.26100.0\shared" /I "C:\Program Files (x86)\Windows Kits\10\Include\10.0.26100.0\um" /I "C:\Program Files (x86)\Windows Kits\10\Include\10.0.26100.0\winrt" /DWIN32 /D_WINDOWS /EHsc /O2 /Ob2 /DNDEBUG -std:c++latest -MD /showIncludes /FoCMakeFiles\test_01_math_tables.dir\tests\test_01_math_tables.cpp.obj /FdCMakeFiles\test_01_math_tables.dir\ /FS -c D:\gdrive\numericrepresentations_gamma\tests\test_01_math_tables.cpp
D:\gdrive\numericrepresentations_gamma\include\core\internal\append\int128_ops.hpp(363): error C2397: la conversi¢n de 'int' en 'bool' requiere una conversi¢n de restricci¢n
D:\gdrive\numericrepresentations_gamma\include\core\internal\append\int128_ops.hpp(363): error C2397: la conversi¢n de 'int' en 'const bool' requiere una conversi¢n de restricci¢n
D:\gdrive\numericrepresentations_gamma\include\core/internal/math/Int_ExpLog.hpp(251): error C3861: '__builtin_mul_overflow': no se encontr¢ el identificador
D:\gdrive\numericrepresentations_gamma\include\core/internal/math/Int_ExpLog.hpp(255): error C3861: '__builtin_mul_overflow': no se encontr¢ el identificador
D:\gdrive\numericrepresentations_gamma\include\core\internal\math\tables\EratosthenesSieve_table.hpp(34): error C2131: la expresi¢n no se evalu¢ como una constante
D:\Program Files\Microsoft Visual Studio\2022\Community\VC\Tools\MSVC\14.44.35207\include\bitset(560): note: el error se debi¢ a una evaluaci¢n que supera el l¡mite de pasos de 1048576 (/constexpr:steps<NUMBER>)
ninja: build stopped: subcommand failed.
