>>> Verificando versiÃ³n de Catch2...
Desde https://github.com/catchorg/Catch2
 * [nuevo tag]         v1.5.0     -> v1.5.0
HEAD estÃ¡ ahora en fa43b774 v3.7.1
>>> Actualizado a v3.7.1
==================================================
 ðŸ”Ž BUSCANDO COMPILADOR MSVC (C: y D:)
==================================================
   -> Explorando raÃ­z: '/c/Program Files/Microsoft Visual Studio' ...
      ðŸ“‚ Analizando contenedor: '/c/Program Files/Microsoft Visual Studio/18/Community/VC/Redist/MSVC'
         â­ Nueva versiÃ³n detectada: 14.29.30133
         â­ Nueva versiÃ³n detectada: 14.44.35112
         â­ Nueva versiÃ³n detectada: 14.50.35710
      ðŸ“‚ Analizando contenedor: '/c/Program Files/Microsoft Visual Studio/18/Community/VC/Tools/MSVC'
         â­ Nueva versiÃ³n detectada: 14.50.35717
   -> Explorando raÃ­z: '/d/Program Files/Microsoft Visual Studio' ...
      ðŸ“‚ Analizando contenedor: '/d/Program Files/Microsoft Visual Studio/2022/Community/VC/Redist/MSVC'
      ðŸ“‚ Analizando contenedor: '/d/Program Files/Microsoft Visual Studio/2022/Community/VC/Tools/MSVC'
ðŸ† RUTA SELECCIONADA: c:/Program Files/Microsoft Visual Studio/18/Community/VC/Tools/MSVC/14.50.35717
âœ… WINDOWS KIT: 10.0.26100.0
--------------------------------------------------
âš™ï¸  Actualizando ./msvc_toolchain.cmake...
ðŸŽ‰ Â¡Ã‰XITO! Archivo actualizado correctamente.
>>> [MSVC-Ninja] Configurando y Compilando Catch2 v3.7.1...
   --- Construyendo Release (CRT: MultiThreadedDLL | Flags: /Zc:preprocessor /DNOMINMAX /EHsc) ---
-- Configuring done (0.1s)
-- Generating done (0.1s)
-- Build files have been written to: D:/GDrive/NumericRepresentations_gamma/build_deps/build_catch_msvc_Release
[1/109] Building CXX object src\CMakeFiles\Catch2.dir\catch2\benchmark\detail\catch_analyse.cpp.obj
FAILED: [code=2] src/CMakeFiles/Catch2.dir/catch2/benchmark/detail/catch_analyse.cpp.obj 
"D:\Program Files\Microsoft Visual Studio\2022\Community\VC\Tools\MSVC\14.44.35207\bin\Hostx64\x64\cl.exe"  /nologo /TP  -ID:\GDrive\NumericRepresentations_gamma\build_deps\Catch2\src\catch2\.. -ID:\GDrive\NumericRepresentations_gamma\build_deps\build_catch_msvc_Release\generated-includes /Zc:preprocessor /DNOMINMAX /EHsc /O2 /Ob2 /DNDEBUG -std:c++latest -MD /showIncludes /Fosrc\CMakeFiles\Catch2.dir\catch2\benchmark\detail\catch_analyse.cpp.obj /Fdsrc\CMakeFiles\Catch2.dir\ /FS -c D:\GDrive\NumericRepresentations_gamma\build_deps\Catch2\src\catch2\benchmark\detail\catch_analyse.cpp
D:\GDrive\NumericRepresentations_gamma\build_deps\Catch2\src\catch2\..\catch2/benchmark/catch_clock.hpp(13): fatal error C1083: No se puede abrir el archivo incluir: 'chrono': No such file or directory
[2/109] Building CXX object src\CMakeFiles\Catch2.dir\catch2\benchmark\catch_chronometer.cpp.obj
FAILED: [code=2] src/CMakeFiles/Catch2.dir/catch2/benchmark/catch_chronometer.cpp.obj 
"D:\Program Files\Microsoft Visual Studio\2022\Community\VC\Tools\MSVC\14.44.35207\bin\Hostx64\x64\cl.exe"  /nologo /TP  -ID:\GDrive\NumericRepresentations_gamma\build_deps\Catch2\src\catch2\.. -ID:\GDrive\NumericRepresentations_gamma\build_deps\build_catch_msvc_Release\generated-includes /Zc:preprocessor /DNOMINMAX /EHsc /O2 /Ob2 /DNDEBUG -std:c++latest -MD /showIncludes /Fosrc\CMakeFiles\Catch2.dir\catch2\benchmark\catch_chronometer.cpp.obj /Fdsrc\CMakeFiles\Catch2.dir\ /FS -c D:\GDrive\NumericRepresentations_gamma\build_deps\Catch2\src\catch2\benchmark\catch_chronometer.cpp
D:\GDrive\NumericRepresentations_gamma\build_deps\Catch2\src\catch2\..\catch2/benchmark/catch_clock.hpp(13): fatal error C1083: No se puede abrir el archivo incluir: 'chrono': No such file or directory
[3/109] Building CXX object src\CMakeFiles\Catch2.dir\catch2\benchmark\detail\catch_stats.cpp.obj
FAILED: [code=2] src/CMakeFiles/Catch2.dir/catch2/benchmark/detail/catch_stats.cpp.obj 
"D:\Program Files\Microsoft Visual Studio\2022\Community\VC\Tools\MSVC\14.44.35207\bin\Hostx64\x64\cl.exe"  /nologo /TP  -ID:\GDrive\NumericRepresentations_gamma\build_deps\Catch2\src\catch2\.. -ID:\GDrive\NumericRepresentations_gamma\build_deps\build_catch_msvc_Release\generated-includes /Zc:preprocessor /DNOMINMAX /EHsc /O2 /Ob2 /DNDEBUG -std:c++latest -MD /showIncludes /Fosrc\CMakeFiles\Catch2.dir\catch2\benchmark\detail\catch_stats.cpp.obj /Fdsrc\CMakeFiles\Catch2.dir\ /FS -c D:\GDrive\NumericRepresentations_gamma\build_deps\Catch2\src\catch2\benchmark\detail\catch_stats.cpp
D:\GDrive\NumericRepresentations_gamma\build_deps\Catch2\src\catch2\..\catch2/benchmark/detail/catch_stats.hpp(16): fatal error C1083: No se puede abrir el archivo incluir: 'vector': No such file or directory
[4/109] Building CXX object src\CMakeFiles\Catch2.dir\catch2\generators\catch_generators.cpp.obj
FAILED: [code=2] src/CMakeFiles/Catch2.dir/catch2/generators/catch_generators.cpp.obj 
"D:\Program Files\Microsoft Visual Studio\2022\Community\VC\Tools\MSVC\14.44.35207\bin\Hostx64\x64\cl.exe"  /nologo /TP  -ID:\GDrive\NumericRepresentations_gamma\build_deps\Catch2\src\catch2\.. -ID:\GDrive\NumericRepresentations_gamma\build_deps\build_catch_msvc_Release\generated-includes /Zc:preprocessor /DNOMINMAX /EHsc /O2 /Ob2 /DNDEBUG -std:c++latest -MD /showIncludes /Fosrc\CMakeFiles\Catch2.dir\catch2\generators\catch_generators.cpp.obj /Fdsrc\CMakeFiles\Catch2.dir\ /FS -c D:\GDrive\NumericRepresentations_gamma\build_deps\Catch2\src\catch2\generators\catch_generators.cpp
D:\GDrive\NumericRepresentations_gamma\build_deps\Catch2\src\catch2\..\catch2/catch_tostring.hpp(12): fatal error C1083: No se puede abrir el archivo incluir: 'vector': No such file or directory
[5/109] Building CXX object src\CMakeFiles\Catch2.dir\catch2\benchmark\detail\catch_run_for_at_least.cpp.obj
FAILED: [code=2] src/CMakeFiles/Catch2.dir/catch2/benchmark/detail/catch_run_for_at_least.cpp.obj 
"D:\Program Files\Microsoft Visual Studio\2022\Community\VC\Tools\MSVC\14.44.35207\bin\Hostx64\x64\cl.exe"  /nologo /TP  -ID:\GDrive\NumericRepresentations_gamma\build_deps\Catch2\src\catch2\.. -ID:\GDrive\NumericRepresentations_gamma\build_deps\build_catch_msvc_Release\generated-includes /Zc:preprocessor /DNOMINMAX /EHsc /O2 /Ob2 /DNDEBUG -std:c++latest -MD /showIncludes /Fosrc\CMakeFiles\Catch2.dir\catch2\benchmark\detail\catch_run_for_at_least.cpp.obj /Fdsrc\CMakeFiles\Catch2.dir\ /FS -c D:\GDrive\NumericRepresentations_gamma\build_deps\Catch2\src\catch2\benchmark\detail\catch_run_for_at_least.cpp
D:\GDrive\NumericRepresentations_gamma\build_deps\Catch2\src\catch2\..\catch2/benchmark/catch_clock.hpp(13): fatal error C1083: No se puede abrir el archivo incluir: 'chrono': No such file or directory
[6/109] Building CXX object src\CMakeFiles\Catch2.dir\catch2\reporters\catch_reporter_common_base.cpp.obj
FAILED: [code=2] src/CMakeFiles/Catch2.dir/catch2/reporters/catch_reporter_common_base.cpp.obj 
"D:\Program Files\Microsoft Visual Studio\2022\Community\VC\Tools\MSVC\14.44.35207\bin\Hostx64\x64\cl.exe"  /nologo /TP  -ID:\GDrive\NumericRepresentations_gamma\build_deps\Catch2\src\catch2\.. -ID:\GDrive\NumericRepresentations_gamma\build_deps\build_catch_msvc_Release\generated-includes /Zc:preprocessor /DNOMINMAX /EHsc /O2 /Ob2 /DNDEBUG -std:c++latest -MD /showIncludes /Fosrc\CMakeFiles\Catch2.dir\catch2\reporters\catch_reporter_common_base.cpp.obj /Fdsrc\CMakeFiles\Catch2.dir\ /FS -c D:\GDrive\NumericRepresentations_gamma\build_deps\Catch2\src\catch2\reporters\catch_reporter_common_base.cpp
D:\GDrive\NumericRepresentations_gamma\build_deps\Catch2\src\catch2\..\catch2/internal/catch_move_and_forward.hpp(11): fatal error C1083: No se puede abrir el archivo incluir: 'type_traits': No such file or directory
[7/109] Building CXX object src\CMakeFiles\Catch2.dir\catch2\generators\catch_generators_random.cpp.obj
FAILED: [code=2] src/CMakeFiles/Catch2.dir/catch2/generators/catch_generators_random.cpp.obj 
"D:\Program Files\Microsoft Visual Studio\2022\Community\VC\Tools\MSVC\14.44.35207\bin\Hostx64\x64\cl.exe"  /nologo /TP  -ID:\GDrive\NumericRepresentations_gamma\build_deps\Catch2\src\catch2\.. -ID:\GDrive\NumericRepresentations_gamma\build_deps\build_catch_msvc_Release\generated-includes /Zc:preprocessor /DNOMINMAX /EHsc /O2 /Ob2 /DNDEBUG -std:c++latest -MD /showIncludes /Fosrc\CMakeFiles\Catch2.dir\catch2\generators\catch_generators_random.cpp.obj /Fdsrc\CMakeFiles\Catch2.dir\ /FS -c D:\GDrive\NumericRepresentations_gamma\build_deps\Catch2\src\catch2\generators\catch_generators_random.cpp
D:\GDrive\NumericRepresentations_gamma\build_deps\Catch2\src\catch2\..\catch2/catch_tostring.hpp(12): fatal error C1083: No se puede abrir el archivo incluir: 'vector': No such file or directory
[8/109] Building CXX object src\CMakeFiles\Catch2.dir\catch2\generators\catch_generator_exception.cpp.obj
FAILED: [code=2] src/CMakeFiles/Catch2.dir/catch2/generators/catch_generator_exception.cpp.obj 
"D:\Program Files\Microsoft Visual Studio\2022\Community\VC\Tools\MSVC\14.44.35207\bin\Hostx64\x64\cl.exe"  /nologo /TP  -ID:\GDrive\NumericRepresentations_gamma\build_deps\Catch2\src\catch2\.. -ID:\GDrive\NumericRepresentations_gamma\build_deps\build_catch_msvc_Release\generated-includes /Zc:preprocessor /DNOMINMAX /EHsc /O2 /Ob2 /DNDEBUG -std:c++latest -MD /showIncludes /Fosrc\CMakeFiles\Catch2.dir\catch2\generators\catch_generator_exception.cpp.obj /Fdsrc\CMakeFiles\Catch2.dir\ /FS -c D:\GDrive\NumericRepresentations_gamma\build_deps\Catch2\src\catch2\generators\catch_generator_exception.cpp
D:\GDrive\NumericRepresentations_gamma\build_deps\Catch2\src\catch2\..\catch2/generators/catch_generator_exception.hpp(11): fatal error C1083: No se puede abrir el archivo incluir: 'exception': No such file or directory
[9/109] Building CXX object src\CMakeFiles\Catch2.dir\catch2\benchmark\detail\catch_benchmark_function.cpp.obj
FAILED: [code=2] src/CMakeFiles/Catch2.dir/catch2/benchmark/detail/catch_benchmark_function.cpp.obj 
"D:\Program Files\Microsoft Visual Studio\2022\Community\VC\Tools\MSVC\14.44.35207\bin\Hostx64\x64\cl.exe"  /nologo /TP  -ID:\GDrive\NumericRepresentations_gamma\build_deps\Catch2\src\catch2\.. -ID:\GDrive\NumericRepresentations_gamma\build_deps\build_catch_msvc_Release\generated-includes /Zc:preprocessor /DNOMINMAX /EHsc /O2 /Ob2 /DNDEBUG -std:c++latest -MD /showIncludes /Fosrc\CMakeFiles\Catch2.dir\catch2\benchmark\detail\catch_benchmark_function.cpp.obj /Fdsrc\CMakeFiles\Catch2.dir\ /FS -c D:\GDrive\NumericRepresentations_gamma\build_deps\Catch2\src\catch2\benchmark\detail\catch_benchmark_function.cpp
D:\GDrive\NumericRepresentations_gamma\build_deps\Catch2\src\catch2\..\catch2/benchmark/catch_clock.hpp(13): fatal error C1083: No se puede abrir el archivo incluir: 'chrono': No such file or directory
[10/109] Building CXX object src\CMakeFiles\Catch2.dir\catch2\reporters\catch_reporter_compact.cpp.obj
FAILED: [code=2] src/CMakeFiles/Catch2.dir/catch2/reporters/catch_reporter_compact.cpp.obj 
"D:\Program Files\Microsoft Visual Studio\2022\Community\VC\Tools\MSVC\14.44.35207\bin\Hostx64\x64\cl.exe"  /nologo /TP  -ID:\GDrive\NumericRepresentations_gamma\build_deps\Catch2\src\catch2\.. -ID:\GDrive\NumericRepresentations_gamma\build_deps\build_catch_msvc_Release\generated-includes /Zc:preprocessor /DNOMINMAX /EHsc /O2 /Ob2 /DNDEBUG -std:c++latest -MD /showIncludes /Fosrc\CMakeFiles\Catch2.dir\catch2\reporters\catch_reporter_compact.cpp.obj /Fdsrc\CMakeFiles\Catch2.dir\ /FS -c D:\GDrive\NumericRepresentations_gamma\build_deps\Catch2\src\catch2\reporters\catch_reporter_compact.cpp
D:\GDrive\NumericRepresentations_gamma\build_deps\Catch2\src\catch2\..\catch2/internal/catch_move_and_forward.hpp(11): fatal error C1083: No se puede abrir el archivo incluir: 'type_traits': No such file or directory
[11/109] Building CXX object src\CMakeFiles\Catch2.dir\catch2\reporters\catch_reporter_automake.cpp.obj
FAILED: [code=2] src/CMakeFiles/Catch2.dir/catch2/reporters/catch_reporter_automake.cpp.obj 
"D:\Program Files\Microsoft Visual Studio\2022\Community\VC\Tools\MSVC\14.44.35207\bin\Hostx64\x64\cl.exe"  /nologo /TP  -ID:\GDrive\NumericRepresentations_gamma\build_deps\Catch2\src\catch2\.. -ID:\GDrive\NumericRepresentations_gamma\build_deps\build_catch_msvc_Release\generated-includes /Zc:preprocessor /DNOMINMAX /EHsc /O2 /Ob2 /DNDEBUG -std:c++latest -MD /showIncludes /Fosrc\CMakeFiles\Catch2.dir\catch2\reporters\catch_reporter_automake.cpp.obj /Fdsrc\CMakeFiles\Catch2.dir\ /FS -c D:\GDrive\NumericRepresentations_gamma\build_deps\Catch2\src\catch2\reporters\catch_reporter_automake.cpp
D:\GDrive\NumericRepresentations_gamma\build_deps\Catch2\src\catch2\..\catch2/internal/catch_move_and_forward.hpp(11): fatal error C1083: No se puede abrir el archivo incluir: 'type_traits': No such file or directory
[12/109] Building CXX object src\CMakeFiles\Catch2.dir\catch2\reporters\catch_reporter_cumulative_base.cpp.obj
FAILED: [code=2] src/CMakeFiles/Catch2.dir/catch2/reporters/catch_reporter_cumulative_base.cpp.obj 
"D:\Program Files\Microsoft Visual Studio\2022\Community\VC\Tools\MSVC\14.44.35207\bin\Hostx64\x64\cl.exe"  /nologo /TP  -ID:\GDrive\NumericRepresentations_gamma\build_deps\Catch2\src\catch2\.. -ID:\GDrive\NumericRepresentations_gamma\build_deps\build_catch_msvc_Release\generated-includes /Zc:preprocessor /DNOMINMAX /EHsc /O2 /Ob2 /DNDEBUG -std:c++latest -MD /showIncludes /Fosrc\CMakeFiles\Catch2.dir\catch2\reporters\catch_reporter_cumulative_base.cpp.obj /Fdsrc\CMakeFiles\Catch2.dir\ /FS -c D:\GDrive\NumericRepresentations_gamma\build_deps\Catch2\src\catch2\reporters\catch_reporter_cumulative_base.cpp
D:\GDrive\NumericRepresentations_gamma\build_deps\Catch2\src\catch2\..\catch2/internal/catch_move_and_forward.hpp(11): fatal error C1083: No se puede abrir el archivo incluir: 'type_traits': No such file or directory
[13/109] Building CXX object src\CMakeFiles\Catch2.dir\catch2\reporters\catch_reporter_console.cpp.obj
FAILED: [code=2] src/CMakeFiles/Catch2.dir/catch2/reporters/catch_reporter_console.cpp.obj 
"D:\Program Files\Microsoft Visual Studio\2022\Community\VC\Tools\MSVC\14.44.35207\bin\Hostx64\x64\cl.exe"  /nologo /TP  -ID:\GDrive\NumericRepresentations_gamma\build_deps\Catch2\src\catch2\.. -ID:\GDrive\NumericRepresentations_gamma\build_deps\build_catch_msvc_Release\generated-includes /Zc:preprocessor /DNOMINMAX /EHsc /O2 /Ob2 /DNDEBUG -std:c++latest -MD /showIncludes /Fosrc\CMakeFiles\Catch2.dir\catch2\reporters\catch_reporter_console.cpp.obj /Fdsrc\CMakeFiles\Catch2.dir\ /FS -c D:\GDrive\NumericRepresentations_gamma\build_deps\Catch2\src\catch2\reporters\catch_reporter_console.cpp
D:\GDrive\NumericRepresentations_gamma\build_deps\Catch2\src\catch2\..\catch2/internal/catch_move_and_forward.hpp(11): fatal error C1083: No se puede abrir el archivo incluir: 'type_traits': No such file or directory
[14/109] Building CXX object src\CMakeFiles\Catch2.dir\catch2\reporters\catch_reporter_helpers.cpp.obj
FAILED: [code=2] src/CMakeFiles/Catch2.dir/catch2/reporters/catch_reporter_helpers.cpp.obj 
"D:\Program Files\Microsoft Visual Studio\2022\Community\VC\Tools\MSVC\14.44.35207\bin\Hostx64\x64\cl.exe"  /nologo /TP  -ID:\GDrive\NumericRepresentations_gamma\build_deps\Catch2\src\catch2\.. -ID:\GDrive\NumericRepresentations_gamma\build_deps\build_catch_msvc_Release\generated-includes /Zc:preprocessor /DNOMINMAX /EHsc /O2 /Ob2 /DNDEBUG -std:c++latest -MD /showIncludes /Fosrc\CMakeFiles\Catch2.dir\catch2\reporters\catch_reporter_helpers.cpp.obj /Fdsrc\CMakeFiles\Catch2.dir\ /FS -c D:\GDrive\NumericRepresentations_gamma\build_deps\Catch2\src\catch2\reporters\catch_reporter_helpers.cpp
D:\GDrive\NumericRepresentations_gamma\build_deps\Catch2\src\catch2\..\catch2/reporters/catch_reporter_helpers.hpp(11): fatal error C1083: No se puede abrir el archivo incluir: 'iosfwd': No such file or directory
[15/109] Building CXX object src\CMakeFiles\Catch2.dir\catch2\reporters\catch_reporter_event_listener.cpp.obj
FAILED: [code=2] src/CMakeFiles/Catch2.dir/catch2/reporters/catch_reporter_event_listener.cpp.obj 
"D:\Program Files\Microsoft Visual Studio\2022\Community\VC\Tools\MSVC\14.44.35207\bin\Hostx64\x64\cl.exe"  /nologo /TP  -ID:\GDrive\NumericRepresentations_gamma\build_deps\Catch2\src\catch2\.. -ID:\GDrive\NumericRepresentations_gamma\build_deps\build_catch_msvc_Release\generated-includes /Zc:preprocessor /DNOMINMAX /EHsc /O2 /Ob2 /DNDEBUG -std:c++latest -MD /showIncludes /Fosrc\CMakeFiles\Catch2.dir\catch2\reporters\catch_reporter_event_listener.cpp.obj /Fdsrc\CMakeFiles\Catch2.dir\ /FS -c D:\GDrive\NumericRepresentations_gamma\build_deps\Catch2\src\catch2\reporters\catch_reporter_event_listener.cpp
D:\GDrive\NumericRepresentations_gamma\build_deps\Catch2\src\catch2\..\catch2/internal/catch_move_and_forward.hpp(11): fatal error C1083: No se puede abrir el archivo incluir: 'type_traits': No such file or directory
[16/109] Building CXX object src\CMakeFiles\Catch2.dir\catch2\reporters\catch_reporter_json.cpp.obj
FAILED: [code=2] src/CMakeFiles/Catch2.dir/catch2/reporters/catch_reporter_json.cpp.obj 
"D:\Program Files\Microsoft Visual Studio\2022\Community\VC\Tools\MSVC\14.44.35207\bin\Hostx64\x64\cl.exe"  /nologo /TP  -ID:\GDrive\NumericRepresentations_gamma\build_deps\Catch2\src\catch2\.. -ID:\GDrive\NumericRepresentations_gamma\build_deps\build_catch_msvc_Release\generated-includes /Zc:preprocessor /DNOMINMAX /EHsc /O2 /Ob2 /DNDEBUG -std:c++latest -MD /showIncludes /Fosrc\CMakeFiles\Catch2.dir\catch2\reporters\catch_reporter_json.cpp.obj /Fdsrc\CMakeFiles\Catch2.dir\ /FS -c D:\GDrive\NumericRepresentations_gamma\build_deps\Catch2\src\catch2\reporters\catch_reporter_json.cpp
D:\GDrive\NumericRepresentations_gamma\build_deps\Catch2\src\catch2\..\catch2/internal/catch_source_line_info.hpp(11): fatal error C1083: No se puede abrir el archivo incluir: 'cstddef': No such file or directory
[17/109] Building CXX object src\CMakeFiles\Catch2.dir\catch2\reporters\catch_reporter_junit.cpp.obj
FAILED: [code=2] src/CMakeFiles/Catch2.dir/catch2/reporters/catch_reporter_junit.cpp.obj 
"D:\Program Files\Microsoft Visual Studio\2022\Community\VC\Tools\MSVC\14.44.35207\bin\Hostx64\x64\cl.exe"  /nologo /TP  -ID:\GDrive\NumericRepresentations_gamma\build_deps\Catch2\src\catch2\.. -ID:\GDrive\NumericRepresentations_gamma\build_deps\build_catch_msvc_Release\generated-includes /Zc:preprocessor /DNOMINMAX /EHsc /O2 /Ob2 /DNDEBUG -std:c++latest -MD /showIncludes /Fosrc\CMakeFiles\Catch2.dir\catch2\reporters\catch_reporter_junit.cpp.obj /Fdsrc\CMakeFiles\Catch2.dir\ /FS -c D:\GDrive\NumericRepresentations_gamma\build_deps\Catch2\src\catch2\reporters\catch_reporter_junit.cpp
D:\GDrive\NumericRepresentations_gamma\build_deps\Catch2\src\catch2\..\catch2/internal/catch_move_and_forward.hpp(11): fatal error C1083: No se puede abrir el archivo incluir: 'type_traits': No such file or directory
[18/109] Building CXX object src\CMakeFiles\Catch2.dir\catch2\reporters\catch_reporter_multi.cpp.obj
FAILED: [code=2] src/CMakeFiles/Catch2.dir/catch2/reporters/catch_reporter_multi.cpp.obj 
"D:\Program Files\Microsoft Visual Studio\2022\Community\VC\Tools\MSVC\14.44.35207\bin\Hostx64\x64\cl.exe"  /nologo /TP  -ID:\GDrive\NumericRepresentations_gamma\build_deps\Catch2\src\catch2\.. -ID:\GDrive\NumericRepresentations_gamma\build_deps\build_catch_msvc_Release\generated-includes /Zc:preprocessor /DNOMINMAX /EHsc /O2 /Ob2 /DNDEBUG -std:c++latest -MD /showIncludes /Fosrc\CMakeFiles\Catch2.dir\catch2\reporters\catch_reporter_multi.cpp.obj /Fdsrc\CMakeFiles\Catch2.dir\ /FS -c D:\GDrive\NumericRepresentations_gamma\build_deps\Catch2\src\catch2\reporters\catch_reporter_multi.cpp
D:\GDrive\NumericRepresentations_gamma\build_deps\Catch2\src\catch2\..\catch2/internal/catch_move_and_forward.hpp(11): fatal error C1083: No se puede abrir el archivo incluir: 'type_traits': No such file or directory
ninja: build stopped: subcommand failed.
   --- Construyendo Debug (CRT: MultiThreadedDebugDLL | Flags: /Zc:preprocessor /DNOMINMAX /EHsc) ---
-- Configuring done (0.1s)
-- Generating done (0.1s)
-- Build files have been written to: D:/GDrive/NumericRepresentations_gamma/build_deps/build_catch_msvc_Debug
[1/109] Building CXX object src\CMakeFiles\Catch2.dir\catch2\benchmark\detail\catch_run_for_at_least.cpp.obj
FAILED: [code=2] src/CMakeFiles/Catch2.dir/catch2/benchmark/detail/catch_run_for_at_least.cpp.obj 
"D:\Program Files\Microsoft Visual Studio\2022\Community\VC\Tools\MSVC\14.44.35207\bin\Hostx64\x64\cl.exe"  /nologo /TP  -ID:\GDrive\NumericRepresentations_gamma\build_deps\Catch2\src\catch2\.. -ID:\GDrive\NumericRepresentations_gamma\build_deps\build_catch_msvc_Debug\generated-includes /Zc:preprocessor /DNOMINMAX /EHsc /Zi /Ob0 /Od /RTC1 -std:c++latest -MDd /showIncludes /Fosrc\CMakeFiles\Catch2.dir\catch2\benchmark\detail\catch_run_for_at_least.cpp.obj /Fdsrc\CMakeFiles\Catch2.dir\ /FS -c D:\GDrive\NumericRepresentations_gamma\build_deps\Catch2\src\catch2\benchmark\detail\catch_run_for_at_least.cpp
D:\GDrive\NumericRepresentations_gamma\build_deps\Catch2\src\catch2/benchmark/catch_clock.hpp(13): fatal error C1083: No se puede abrir el archivo incluir: 'chrono': No such file or directory
[2/109] Building CXX object src\CMakeFiles\Catch2.dir\catch2\generators\catch_generator_exception.cpp.obj
FAILED: [code=2] src/CMakeFiles/Catch2.dir/catch2/generators/catch_generator_exception.cpp.obj 
"D:\Program Files\Microsoft Visual Studio\2022\Community\VC\Tools\MSVC\14.44.35207\bin\Hostx64\x64\cl.exe"  /nologo /TP  -ID:\GDrive\NumericRepresentations_gamma\build_deps\Catch2\src\catch2\.. -ID:\GDrive\NumericRepresentations_gamma\build_deps\build_catch_msvc_Debug\generated-includes /Zc:preprocessor /DNOMINMAX /EHsc /Zi /Ob0 /Od /RTC1 -std:c++latest -MDd /showIncludes /Fosrc\CMakeFiles\Catch2.dir\catch2\generators\catch_generator_exception.cpp.obj /Fdsrc\CMakeFiles\Catch2.dir\ /FS -c D:\GDrive\NumericRepresentations_gamma\build_deps\Catch2\src\catch2\generators\catch_generator_exception.cpp
D:\GDrive\NumericRepresentations_gamma\build_deps\Catch2\src\catch2/generators/catch_generator_exception.hpp(11): fatal error C1083: No se puede abrir el archivo incluir: 'exception': No such file or directory
[3/109] Building CXX object src\CMakeFiles\Catch2.dir\catch2\reporters\catch_reporter_helpers.cpp.obj
FAILED: [code=2] src/CMakeFiles/Catch2.dir/catch2/reporters/catch_reporter_helpers.cpp.obj 
"D:\Program Files\Microsoft Visual Studio\2022\Community\VC\Tools\MSVC\14.44.35207\bin\Hostx64\x64\cl.exe"  /nologo /TP  -ID:\GDrive\NumericRepresentations_gamma\build_deps\Catch2\src\catch2\.. -ID:\GDrive\NumericRepresentations_gamma\build_deps\build_catch_msvc_Debug\generated-includes /Zc:preprocessor /DNOMINMAX /EHsc /Zi /Ob0 /Od /RTC1 -std:c++latest -MDd /showIncludes /Fosrc\CMakeFiles\Catch2.dir\catch2\reporters\catch_reporter_helpers.cpp.obj /Fdsrc\CMakeFiles\Catch2.dir\ /FS -c D:\GDrive\NumericRepresentations_gamma\build_deps\Catch2\src\catch2\reporters\catch_reporter_helpers.cpp
D:\GDrive\NumericRepresentations_gamma\build_deps\Catch2\src\catch2/reporters/catch_reporter_helpers.hpp(11): fatal error C1083: No se puede abrir el archivo incluir: 'iosfwd': No such file or directory
[4/109] Building CXX object src\CMakeFiles\Catch2.dir\catch2\benchmark\catch_chronometer.cpp.obj
FAILED: [code=2] src/CMakeFiles/Catch2.dir/catch2/benchmark/catch_chronometer.cpp.obj 
"D:\Program Files\Microsoft Visual Studio\2022\Community\VC\Tools\MSVC\14.44.35207\bin\Hostx64\x64\cl.exe"  /nologo /TP  -ID:\GDrive\NumericRepresentations_gamma\build_deps\Catch2\src\catch2\.. -ID:\GDrive\NumericRepresentations_gamma\build_deps\build_catch_msvc_Debug\generated-includes /Zc:preprocessor /DNOMINMAX /EHsc /Zi /Ob0 /Od /RTC1 -std:c++latest -MDd /showIncludes /Fosrc\CMakeFiles\Catch2.dir\catch2\benchmark\catch_chronometer.cpp.obj /Fdsrc\CMakeFiles\Catch2.dir\ /FS -c D:\GDrive\NumericRepresentations_gamma\build_deps\Catch2\src\catch2\benchmark\catch_chronometer.cpp
D:\GDrive\NumericRepresentations_gamma\build_deps\Catch2\src\catch2/benchmark/catch_clock.hpp(13): fatal error C1083: No se puede abrir el archivo incluir: 'chrono': No such file or directory
[5/109] Building CXX object src\CMakeFiles\Catch2.dir\catch2\benchmark\detail\catch_analyse.cpp.obj
FAILED: [code=2] src/CMakeFiles/Catch2.dir/catch2/benchmark/detail/catch_analyse.cpp.obj 
"D:\Program Files\Microsoft Visual Studio\2022\Community\VC\Tools\MSVC\14.44.35207\bin\Hostx64\x64\cl.exe"  /nologo /TP  -ID:\GDrive\NumericRepresentations_gamma\build_deps\Catch2\src\catch2\.. -ID:\GDrive\NumericRepresentations_gamma\build_deps\build_catch_msvc_Debug\generated-includes /Zc:preprocessor /DNOMINMAX /EHsc /Zi /Ob0 /Od /RTC1 -std:c++latest -MDd /showIncludes /Fosrc\CMakeFiles\Catch2.dir\catch2\benchmark\detail\catch_analyse.cpp.obj /Fdsrc\CMakeFiles\Catch2.dir\ /FS -c D:\GDrive\NumericRepresentations_gamma\build_deps\Catch2\src\catch2\benchmark\detail\catch_analyse.cpp
D:\GDrive\NumericRepresentations_gamma\build_deps\Catch2\src\catch2/benchmark/catch_clock.hpp(13): fatal error C1083: No se puede abrir el archivo incluir: 'chrono': No such file or directory
[6/109] Building CXX object src\CMakeFiles\Catch2.dir\catch2\reporters\catch_reporter_json.cpp.obj
FAILED: [code=2] src/CMakeFiles/Catch2.dir/catch2/reporters/catch_reporter_json.cpp.obj 
"D:\Program Files\Microsoft Visual Studio\2022\Community\VC\Tools\MSVC\14.44.35207\bin\Hostx64\x64\cl.exe"  /nologo /TP  -ID:\GDrive\NumericRepresentations_gamma\build_deps\Catch2\src\catch2\.. -ID:\GDrive\NumericRepresentations_gamma\build_deps\build_catch_msvc_Debug\generated-includes /Zc:preprocessor /DNOMINMAX /EHsc /Zi /Ob0 /Od /RTC1 -std:c++latest -MDd /showIncludes /Fosrc\CMakeFiles\Catch2.dir\catch2\reporters\catch_reporter_json.cpp.obj /Fdsrc\CMakeFiles\Catch2.dir\ /FS -c D:\GDrive\NumericRepresentations_gamma\build_deps\Catch2\src\catch2\reporters\catch_reporter_json.cpp
D:\GDrive\NumericRepresentations_gamma\build_deps\Catch2\src\catch2/internal/catch_source_line_info.hpp(11): fatal error C1083: No se puede abrir el archivo incluir: 'cstddef': No such file or directory
[7/109] Building CXX object src\CMakeFiles\Catch2.dir\catch2\reporters\catch_reporter_common_base.cpp.obj
FAILED: [code=2] src/CMakeFiles/Catch2.dir/catch2/reporters/catch_reporter_common_base.cpp.obj 
"D:\Program Files\Microsoft Visual Studio\2022\Community\VC\Tools\MSVC\14.44.35207\bin\Hostx64\x64\cl.exe"  /nologo /TP  -ID:\GDrive\NumericRepresentations_gamma\build_deps\Catch2\src\catch2\.. -ID:\GDrive\NumericRepresentations_gamma\build_deps\build_catch_msvc_Debug\generated-includes /Zc:preprocessor /DNOMINMAX /EHsc /Zi /Ob0 /Od /RTC1 -std:c++latest -MDd /showIncludes /Fosrc\CMakeFiles\Catch2.dir\catch2\reporters\catch_reporter_common_base.cpp.obj /Fdsrc\CMakeFiles\Catch2.dir\ /FS -c D:\GDrive\NumericRepresentations_gamma\build_deps\Catch2\src\catch2\reporters\catch_reporter_common_base.cpp
D:\GDrive\NumericRepresentations_gamma\build_deps\Catch2\src\catch2/internal/catch_move_and_forward.hpp(11): fatal error C1083: No se puede abrir el archivo incluir: 'type_traits': No such file or directory
[8/109] Building CXX object src\CMakeFiles\Catch2.dir\catch2\benchmark\detail\catch_stats.cpp.obj
FAILED: [code=2] src/CMakeFiles/Catch2.dir/catch2/benchmark/detail/catch_stats.cpp.obj 
"D:\Program Files\Microsoft Visual Studio\2022\Community\VC\Tools\MSVC\14.44.35207\bin\Hostx64\x64\cl.exe"  /nologo /TP  -ID:\GDrive\NumericRepresentations_gamma\build_deps\Catch2\src\catch2\.. -ID:\GDrive\NumericRepresentations_gamma\build_deps\build_catch_msvc_Debug\generated-includes /Zc:preprocessor /DNOMINMAX /EHsc /Zi /Ob0 /Od /RTC1 -std:c++latest -MDd /showIncludes /Fosrc\CMakeFiles\Catch2.dir\catch2\benchmark\detail\catch_stats.cpp.obj /Fdsrc\CMakeFiles\Catch2.dir\ /FS -c D:\GDrive\NumericRepresentations_gamma\build_deps\Catch2\src\catch2\benchmark\detail\catch_stats.cpp
D:\GDrive\NumericRepresentations_gamma\build_deps\Catch2\src\catch2/benchmark/detail/catch_stats.hpp(16): fatal error C1083: No se puede abrir el archivo incluir: 'vector': No such file or directory
[9/109] Building CXX object src\CMakeFiles\Catch2.dir\catch2\benchmark\detail\catch_benchmark_function.cpp.obj
FAILED: [code=2] src/CMakeFiles/Catch2.dir/catch2/benchmark/detail/catch_benchmark_function.cpp.obj 
"D:\Program Files\Microsoft Visual Studio\2022\Community\VC\Tools\MSVC\14.44.35207\bin\Hostx64\x64\cl.exe"  /nologo /TP  -ID:\GDrive\NumericRepresentations_gamma\build_deps\Catch2\src\catch2\.. -ID:\GDrive\NumericRepresentations_gamma\build_deps\build_catch_msvc_Debug\generated-includes /Zc:preprocessor /DNOMINMAX /EHsc /Zi /Ob0 /Od /RTC1 -std:c++latest -MDd /showIncludes /Fosrc\CMakeFiles\Catch2.dir\catch2\benchmark\detail\catch_benchmark_function.cpp.obj /Fdsrc\CMakeFiles\Catch2.dir\ /FS -c D:\GDrive\NumericRepresentations_gamma\build_deps\Catch2\src\catch2\benchmark\detail\catch_benchmark_function.cpp
D:\GDrive\NumericRepresentations_gamma\build_deps\Catch2\src\catch2/benchmark/catch_clock.hpp(13): fatal error C1083: No se puede abrir el archivo incluir: 'chrono': No such file or directory
[10/109] Building CXX object src\CMakeFiles\Catch2.dir\catch2\generators\catch_generators_random.cpp.obj
FAILED: [code=2] src/CMakeFiles/Catch2.dir/catch2/generators/catch_generators_random.cpp.obj 
"D:\Program Files\Microsoft Visual Studio\2022\Community\VC\Tools\MSVC\14.44.35207\bin\Hostx64\x64\cl.exe"  /nologo /TP  -ID:\GDrive\NumericRepresentations_gamma\build_deps\Catch2\src\catch2\.. -ID:\GDrive\NumericRepresentations_gamma\build_deps\build_catch_msvc_Debug\generated-includes /Zc:preprocessor /DNOMINMAX /EHsc /Zi /Ob0 /Od /RTC1 -std:c++latest -MDd /showIncludes /Fosrc\CMakeFiles\Catch2.dir\catch2\generators\catch_generators_random.cpp.obj /Fdsrc\CMakeFiles\Catch2.dir\ /FS -c D:\GDrive\NumericRepresentations_gamma\build_deps\Catch2\src\catch2\generators\catch_generators_random.cpp
D:\GDrive\NumericRepresentations_gamma\build_deps\Catch2\src\catch2/catch_tostring.hpp(12): fatal error C1083: No se puede abrir el archivo incluir: 'vector': No such file or directory
[11/109] Building CXX object src\CMakeFiles\Catch2.dir\catch2\reporters\catch_reporter_cumulative_base.cpp.obj
FAILED: [code=2] src/CMakeFiles/Catch2.dir/catch2/reporters/catch_reporter_cumulative_base.cpp.obj 
"D:\Program Files\Microsoft Visual Studio\2022\Community\VC\Tools\MSVC\14.44.35207\bin\Hostx64\x64\cl.exe"  /nologo /TP  -ID:\GDrive\NumericRepresentations_gamma\build_deps\Catch2\src\catch2\.. -ID:\GDrive\NumericRepresentations_gamma\build_deps\build_catch_msvc_Debug\generated-includes /Zc:preprocessor /DNOMINMAX /EHsc /Zi /Ob0 /Od /RTC1 -std:c++latest -MDd /showIncludes /Fosrc\CMakeFiles\Catch2.dir\catch2\reporters\catch_reporter_cumulative_base.cpp.obj /Fdsrc\CMakeFiles\Catch2.dir\ /FS -c D:\GDrive\NumericRepresentations_gamma\build_deps\Catch2\src\catch2\reporters\catch_reporter_cumulative_base.cpp
D:\GDrive\NumericRepresentations_gamma\build_deps\Catch2\src\catch2/internal/catch_move_and_forward.hpp(11): fatal error C1083: No se puede abrir el archivo incluir: 'type_traits': No such file or directory
[12/109] Building CXX object src\CMakeFiles\Catch2.dir\catch2\reporters\catch_reporter_automake.cpp.obj
FAILED: [code=2] src/CMakeFiles/Catch2.dir/catch2/reporters/catch_reporter_automake.cpp.obj 
"D:\Program Files\Microsoft Visual Studio\2022\Community\VC\Tools\MSVC\14.44.35207\bin\Hostx64\x64\cl.exe"  /nologo /TP  -ID:\GDrive\NumericRepresentations_gamma\build_deps\Catch2\src\catch2\.. -ID:\GDrive\NumericRepresentations_gamma\build_deps\build_catch_msvc_Debug\generated-includes /Zc:preprocessor /DNOMINMAX /EHsc /Zi /Ob0 /Od /RTC1 -std:c++latest -MDd /showIncludes /Fosrc\CMakeFiles\Catch2.dir\catch2\reporters\catch_reporter_automake.cpp.obj /Fdsrc\CMakeFiles\Catch2.dir\ /FS -c D:\GDrive\NumericRepresentations_gamma\build_deps\Catch2\src\catch2\reporters\catch_reporter_automake.cpp
D:\GDrive\NumericRepresentations_gamma\build_deps\Catch2\src\catch2/internal/catch_move_and_forward.hpp(11): fatal error C1083: No se puede abrir el archivo incluir: 'type_traits': No such file or directory
[13/109] Building CXX object src\CMakeFiles\Catch2.dir\catch2\reporters\catch_reporter_multi.cpp.obj
FAILED: [code=2] src/CMakeFiles/Catch2.dir/catch2/reporters/catch_reporter_multi.cpp.obj 
"D:\Program Files\Microsoft Visual Studio\2022\Community\VC\Tools\MSVC\14.44.35207\bin\Hostx64\x64\cl.exe"  /nologo /TP  -ID:\GDrive\NumericRepresentations_gamma\build_deps\Catch2\src\catch2\.. -ID:\GDrive\NumericRepresentations_gamma\build_deps\build_catch_msvc_Debug\generated-includes /Zc:preprocessor /DNOMINMAX /EHsc /Zi /Ob0 /Od /RTC1 -std:c++latest -MDd /showIncludes /Fosrc\CMakeFiles\Catch2.dir\catch2\reporters\catch_reporter_multi.cpp.obj /Fdsrc\CMakeFiles\Catch2.dir\ /FS -c D:\GDrive\NumericRepresentations_gamma\build_deps\Catch2\src\catch2\reporters\catch_reporter_multi.cpp
D:\GDrive\NumericRepresentations_gamma\build_deps\Catch2\src\catch2/internal/catch_move_and_forward.hpp(11): fatal error C1083: No se puede abrir el archivo incluir: 'type_traits': No such file or directory
[14/109] Building CXX object src\CMakeFiles\Catch2.dir\catch2\reporters\catch_reporter_event_listener.cpp.obj
FAILED: [code=2] src/CMakeFiles/Catch2.dir/catch2/reporters/catch_reporter_event_listener.cpp.obj 
"D:\Program Files\Microsoft Visual Studio\2022\Community\VC\Tools\MSVC\14.44.35207\bin\Hostx64\x64\cl.exe"  /nologo /TP  -ID:\GDrive\NumericRepresentations_gamma\build_deps\Catch2\src\catch2\.. -ID:\GDrive\NumericRepresentations_gamma\build_deps\build_catch_msvc_Debug\generated-includes /Zc:preprocessor /DNOMINMAX /EHsc /Zi /Ob0 /Od /RTC1 -std:c++latest -MDd /showIncludes /Fosrc\CMakeFiles\Catch2.dir\catch2\reporters\catch_reporter_event_listener.cpp.obj /Fdsrc\CMakeFiles\Catch2.dir\ /FS -c D:\GDrive\NumericRepresentations_gamma\build_deps\Catch2\src\catch2\reporters\catch_reporter_event_listener.cpp
D:\GDrive\NumericRepresentations_gamma\build_deps\Catch2\src\catch2/internal/catch_move_and_forward.hpp(11): fatal error C1083: No se puede abrir el archivo incluir: 'type_traits': No such file or directory
[15/109] Building CXX object src\CMakeFiles\Catch2.dir\catch2\reporters\catch_reporter_compact.cpp.obj
FAILED: [code=2] src/CMakeFiles/Catch2.dir/catch2/reporters/catch_reporter_compact.cpp.obj 
"D:\Program Files\Microsoft Visual Studio\2022\Community\VC\Tools\MSVC\14.44.35207\bin\Hostx64\x64\cl.exe"  /nologo /TP  -ID:\GDrive\NumericRepresentations_gamma\build_deps\Catch2\src\catch2\.. -ID:\GDrive\NumericRepresentations_gamma\build_deps\build_catch_msvc_Debug\generated-includes /Zc:preprocessor /DNOMINMAX /EHsc /Zi /Ob0 /Od /RTC1 -std:c++latest -MDd /showIncludes /Fosrc\CMakeFiles\Catch2.dir\catch2\reporters\catch_reporter_compact.cpp.obj /Fdsrc\CMakeFiles\Catch2.dir\ /FS -c D:\GDrive\NumericRepresentations_gamma\build_deps\Catch2\src\catch2\reporters\catch_reporter_compact.cpp
D:\GDrive\NumericRepresentations_gamma\build_deps\Catch2\src\catch2/internal/catch_move_and_forward.hpp(11): fatal error C1083: No se puede abrir el archivo incluir: 'type_traits': No such file or directory
[16/109] Building CXX object src\CMakeFiles\Catch2.dir\catch2\reporters\catch_reporter_console.cpp.obj
FAILED: [code=2] src/CMakeFiles/Catch2.dir/catch2/reporters/catch_reporter_console.cpp.obj 
"D:\Program Files\Microsoft Visual Studio\2022\Community\VC\Tools\MSVC\14.44.35207\bin\Hostx64\x64\cl.exe"  /nologo /TP  -ID:\GDrive\NumericRepresentations_gamma\build_deps\Catch2\src\catch2\.. -ID:\GDrive\NumericRepresentations_gamma\build_deps\build_catch_msvc_Debug\generated-includes /Zc:preprocessor /DNOMINMAX /EHsc /Zi /Ob0 /Od /RTC1 -std:c++latest -MDd /showIncludes /Fosrc\CMakeFiles\Catch2.dir\catch2\reporters\catch_reporter_console.cpp.obj /Fdsrc\CMakeFiles\Catch2.dir\ /FS -c D:\GDrive\NumericRepresentations_gamma\build_deps\Catch2\src\catch2\reporters\catch_reporter_console.cpp
D:\GDrive\NumericRepresentations_gamma\build_deps\Catch2\src\catch2/internal/catch_move_and_forward.hpp(11): fatal error C1083: No se puede abrir el archivo incluir: 'type_traits': No such file or directory
[17/109] Building CXX object src\CMakeFiles\Catch2.dir\catch2\generators\catch_generators.cpp.obj
FAILED: [code=2] src/CMakeFiles/Catch2.dir/catch2/generators/catch_generators.cpp.obj 
"D:\Program Files\Microsoft Visual Studio\2022\Community\VC\Tools\MSVC\14.44.35207\bin\Hostx64\x64\cl.exe"  /nologo /TP  -ID:\GDrive\NumericRepresentations_gamma\build_deps\Catch2\src\catch2\.. -ID:\GDrive\NumericRepresentations_gamma\build_deps\build_catch_msvc_Debug\generated-includes /Zc:preprocessor /DNOMINMAX /EHsc /Zi /Ob0 /Od /RTC1 -std:c++latest -MDd /showIncludes /Fosrc\CMakeFiles\Catch2.dir\catch2\generators\catch_generators.cpp.obj /Fdsrc\CMakeFiles\Catch2.dir\ /FS -c D:\GDrive\NumericRepresentations_gamma\build_deps\Catch2\src\catch2\generators\catch_generators.cpp
D:\GDrive\NumericRepresentations_gamma\build_deps\Catch2\src\catch2/catch_tostring.hpp(12): fatal error C1083: No se puede abrir el archivo incluir: 'vector': No such file or directory
[18/109] Building CXX object src\CMakeFiles\Catch2.dir\catch2\reporters\catch_reporter_junit.cpp.obj
FAILED: [code=2] src/CMakeFiles/Catch2.dir/catch2/reporters/catch_reporter_junit.cpp.obj 
"D:\Program Files\Microsoft Visual Studio\2022\Community\VC\Tools\MSVC\14.44.35207\bin\Hostx64\x64\cl.exe"  /nologo /TP  -ID:\GDrive\NumericRepresentations_gamma\build_deps\Catch2\src\catch2\.. -ID:\GDrive\NumericRepresentations_gamma\build_deps\build_catch_msvc_Debug\generated-includes /Zc:preprocessor /DNOMINMAX /EHsc /Zi /Ob0 /Od /RTC1 -std:c++latest -MDd /showIncludes /Fosrc\CMakeFiles\Catch2.dir\catch2\reporters\catch_reporter_junit.cpp.obj /Fdsrc\CMakeFiles\Catch2.dir\ /FS -c D:\GDrive\NumericRepresentations_gamma\build_deps\Catch2\src\catch2\reporters\catch_reporter_junit.cpp
D:\GDrive\NumericRepresentations_gamma\build_deps\Catch2\src\catch2/internal/catch_move_and_forward.hpp(11): fatal error C1083: No se puede abrir el archivo incluir: 'type_traits': No such file or directory
ninja: build stopped: subcommand failed.
==========================================
 INSTALACIÃ“N COMPLETADA (v3.7.1) para msvc
==========================================
/d/gdrive/numericrepresentations_gamma/install_deps.bash: lÃ­nea 165: EOF inesperado mientras se buscaba un ``' coincidente
